2022-05-25 13:17:00.763  INFO 3852 --- [main] m.e.ElasticSearchTest                    : Starting ElasticSearchTest using Java 16.0.2 on mao with PID 3852 (started by mao in H:\程序\大三下期\elasticsearch查询文档数据)
2022-05-25 13:17:00.764 DEBUG 3852 --- [main] m.e.ElasticSearchTest                    : Running with Spring Boot v2.7.0, Spring v5.3.20
2022-05-25 13:17:00.765  INFO 3852 --- [main] m.e.ElasticSearchTest                    : The following 1 profile is active: "dev"
2022-05-25 13:17:02.891  INFO 3852 --- [main] m.e.ElasticSearchTest                    : Started ElasticSearchTest in 2.54 seconds (JVM running for 3.82)
2022-05-25 13:18:28.233  INFO 12124 --- [main] m.e.ElasticSearchTest                    : Starting ElasticSearchTest using Java 16.0.2 on mao with PID 12124 (started by mao in H:\程序\大三下期\elasticsearch查询文档数据)
2022-05-25 13:18:28.234 DEBUG 12124 --- [main] m.e.ElasticSearchTest                    : Running with Spring Boot v2.7.0, Spring v5.3.20
2022-05-25 13:18:28.234  INFO 12124 --- [main] m.e.ElasticSearchTest                    : The following 1 profile is active: "dev"
2022-05-25 13:18:30.130  INFO 12124 --- [main] m.e.ElasticSearchTest                    : Started ElasticSearchTest in 2.313 seconds (JVM running for 3.283)
2022-05-25 13:33:31.047  INFO 6104 --- [main] m.e.ElasticSearchTest                    : Starting ElasticSearchTest using Java 16.0.2 on mao with PID 6104 (started by mao in H:\程序\大三下期\elasticsearch查询文档数据)
2022-05-25 13:33:31.048 DEBUG 6104 --- [main] m.e.ElasticSearchTest                    : Running with Spring Boot v2.7.0, Spring v5.3.20
2022-05-25 13:33:31.048  INFO 6104 --- [main] m.e.ElasticSearchTest                    : The following 1 profile is active: "dev"
2022-05-25 13:33:32.988  INFO 6104 --- [main] m.e.ElasticSearchTest                    : Started ElasticSearchTest in 2.335 seconds (JVM running for 3.321)
2022-05-25 19:38:40.532  INFO 16256 --- [main] m.e.ElasticSearchTest                    : Starting ElasticSearchTest using Java 16.0.2 on mao with PID 16256 (started by mao in H:\程序\大三下期\elasticsearch查询文档数据)
2022-05-25 19:38:40.533 DEBUG 16256 --- [main] m.e.ElasticSearchTest                    : Running with Spring Boot v2.7.0, Spring v5.3.20
2022-05-25 19:38:40.533  INFO 16256 --- [main] m.e.ElasticSearchTest                    : The following 1 profile is active: "dev"
2022-05-25 19:38:42.188  INFO 16256 --- [main] m.e.ElasticSearchTest                    : Started ElasticSearchTest in 2.059 seconds (JVM running for 3.806)
2022-05-25 19:40:09.322  INFO 4084 --- [main] m.e.ElasticSearchTest                    : Starting ElasticSearchTest using Java 16.0.2 on mao with PID 4084 (started by mao in H:\程序\大三下期\elasticsearch查询文档数据)
2022-05-25 19:40:09.323 DEBUG 4084 --- [main] m.e.ElasticSearchTest                    : Running with Spring Boot v2.7.0, Spring v5.3.20
2022-05-25 19:40:09.323  INFO 4084 --- [main] m.e.ElasticSearchTest                    : The following 1 profile is active: "dev"
2022-05-25 19:40:10.785  INFO 4084 --- [main] m.e.ElasticSearchTest                    : Started ElasticSearchTest in 1.797 seconds (JVM running for 3.27)
2022-05-25 19:52:09.030  INFO 1420 --- [main] m.e.ElasticSearchTest                    : Starting ElasticSearchTest using Java 16.0.2 on mao with PID 1420 (started by mao in H:\程序\大三下期\elasticsearch查询文档数据)
2022-05-25 19:52:09.031 DEBUG 1420 --- [main] m.e.ElasticSearchTest                    : Running with Spring Boot v2.7.0, Spring v5.3.20
2022-05-25 19:52:09.031  INFO 1420 --- [main] m.e.ElasticSearchTest                    : The following 1 profile is active: "dev"
2022-05-25 19:52:10.491  INFO 1420 --- [main] m.e.ElasticSearchTest                    : Started ElasticSearchTest in 1.795 seconds (JVM running for 3.228)
2022-05-25 19:57:09.067  INFO 13604 --- [main] m.e.ElasticSearchTest                    : Starting ElasticSearchTest using Java 16.0.2 on mao with PID 13604 (started by mao in H:\程序\大三下期\elasticsearch查询文档数据)
2022-05-25 19:57:09.068 DEBUG 13604 --- [main] m.e.ElasticSearchTest                    : Running with Spring Boot v2.7.0, Spring v5.3.20
2022-05-25 19:57:09.068  INFO 13604 --- [main] m.e.ElasticSearchTest                    : The following 1 profile is active: "dev"
2022-05-25 19:57:10.534  INFO 13604 --- [main] m.e.ElasticSearchTest                    : Started ElasticSearchTest in 1.815 seconds (JVM running for 3.365)
2022-05-25 20:07:29.597  INFO 6824 --- [main] csearchQueryDocumentDataApplicationTests : Starting ElasticsearchQueryDocumentDataApplicationTests using Java 16.0.2 on mao with PID 6824 (started by mao in H:\程序\大三下期\elasticsearch查询文档数据)
2022-05-25 20:07:29.598 DEBUG 6824 --- [main] csearchQueryDocumentDataApplicationTests : Running with Spring Boot v2.7.0, Spring v5.3.20
2022-05-25 20:07:29.599  INFO 6824 --- [main] csearchQueryDocumentDataApplicationTests : The following 1 profile is active: "dev"
2022-05-25 20:07:31.781  INFO 6824 --- [main] csearchQueryDocumentDataApplicationTests : Started ElasticsearchQueryDocumentDataApplicationTests in 2.646 seconds (JVM running for 3.601)
2022-05-25 20:07:32.214  INFO 6824 --- [main] .b.t.c.SpringBootTestContextBootstrapper : Neither @ContextConfiguration nor @ContextHierarchy found for test class [mao.elasticsearch_query_document_data.ElasticSearchTest], using SpringBootContextLoader
2022-05-25 20:07:32.215  INFO 6824 --- [main] o.s.t.c.support.AbstractContextLoader    : Could not detect default resource locations for test class [mao.elasticsearch_query_document_data.ElasticSearchTest]: no resource found for suffixes {-context.xml, Context.groovy}.
2022-05-25 20:07:32.215  INFO 6824 --- [main] t.c.s.AnnotationConfigContextLoaderUtils : Could not detect default configuration classes for test class [mao.elasticsearch_query_document_data.ElasticSearchTest]: ElasticSearchTest does not declare any static, non-private, non-final, nested classes annotated with @Configuration.
2022-05-25 20:07:32.218  INFO 6824 --- [main] .b.t.c.SpringBootTestContextBootstrapper : Found @SpringBootConfiguration mao.elasticsearch_query_document_data.ElasticsearchQueryDocumentDataApplication for test class mao.elasticsearch_query_document_data.ElasticSearchTest
2022-05-25 20:07:32.220  INFO 6824 --- [main] .b.t.c.SpringBootTestContextBootstrapper : Loaded default TestExecutionListener class names from location [META-INF/spring.factories]: [org.springframework.boot.test.mock.mockito.MockitoTestExecutionListener, org.springframework.boot.test.mock.mockito.ResetMocksTestExecutionListener, org.springframework.boot.test.autoconfigure.restdocs.RestDocsTestExecutionListener, org.springframework.boot.test.autoconfigure.web.client.MockRestServiceServerResetTestExecutionListener, org.springframework.boot.test.autoconfigure.web.servlet.MockMvcPrintOnlyOnFailureTestExecutionListener, org.springframework.boot.test.autoconfigure.web.servlet.WebDriverTestExecutionListener, org.springframework.boot.test.autoconfigure.webservices.client.MockWebServiceServerTestExecutionListener, org.springframework.test.context.web.ServletTestExecutionListener, org.springframework.test.context.support.DirtiesContextBeforeModesTestExecutionListener, org.springframework.test.context.event.ApplicationEventsTestExecutionListener, org.springframework.test.context.support.DependencyInjectionTestExecutionListener, org.springframework.test.context.support.DirtiesContextTestExecutionListener, org.springframework.test.context.transaction.TransactionalTestExecutionListener, org.springframework.test.context.jdbc.SqlScriptsTestExecutionListener, org.springframework.test.context.event.EventPublishingTestExecutionListener]
2022-05-25 20:07:32.221  INFO 6824 --- [main] .b.t.c.SpringBootTestContextBootstrapper : Using TestExecutionListeners: [org.springframework.test.context.web.ServletTestExecutionListener@6003220a, org.springframework.test.context.support.DirtiesContextBeforeModesTestExecutionListener@16b64a03, org.springframework.test.context.event.ApplicationEventsTestExecutionListener@1584c019, org.springframework.boot.test.mock.mockito.MockitoTestExecutionListener@3688baab, org.springframework.boot.test.autoconfigure.SpringBootDependencyInjectionTestExecutionListener@4fe2dd02, org.springframework.test.context.support.DirtiesContextTestExecutionListener@6ba060af, org.springframework.test.context.event.EventPublishingTestExecutionListener@5817f1ca, org.springframework.boot.test.mock.mockito.ResetMocksTestExecutionListener@2b395581, org.springframework.boot.test.autoconfigure.restdocs.RestDocsTestExecutionListener@726a8729, org.springframework.boot.test.autoconfigure.web.client.MockRestServiceServerResetTestExecutionListener@1a2724d3, org.springframework.boot.test.autoconfigure.web.servlet.MockMvcPrintOnlyOnFailureTestExecutionListener@7dd91ffc, org.springframework.boot.test.autoconfigure.web.servlet.WebDriverTestExecutionListener@1c2dd89b, org.springframework.boot.test.autoconfigure.webservices.client.MockWebServiceServerTestExecutionListener@3ad847f8]
